
Device: cuda
Test set: n=1527, positives=300 (19.6%), seed=42 split
Tone groups: light=853, medium=114, dark=560, unknown=0
Cached scores loaded from results\all_scores.csv: ['baseline', 'aug_only', 'tone_only', 'full', 'baseline_balanced']
  baseline: from cache
  aug_only: from cache
  tone_only: from cache
  full: from cache
  baseline_balanced: from cache

Scores cached -> results\all_scores.csv


===================================================================================================================
TABLE 3a — FULL ABLATION  (corrected: positive = {mel, bcc, akiec}; vasc -> benign)
          n=1527 locked test set, t=0.5, 8-crop TTA, 2000-iter bootstrap 95% CI
===================================================================================================================
Variant          Tone        AUC          [95% CI]   Sens          [95% CI]   Spec     n    n+
-------------------------------------------------------------------------------------------------------------------
Baseline         overall  0.9057     [0.889-0.921]  0.840     [0.800-0.878]  0.787  1527   300
Baseline         light    0.9283     [0.909-0.945]  0.840     [0.776-0.892]  0.825   853   150
Baseline         dark     0.8439     [0.803-0.880]  0.837     [0.771-0.895]  0.668   560   147

Aug-only         overall  0.8895     [0.868-0.910]  0.840     [0.799-0.879]  0.788  1527   300
Aug-only         light    0.9192     [0.896-0.940]  0.853     [0.795-0.907]  0.826   853   150
Aug-only         dark     0.8242     [0.778-0.865]  0.823     [0.757-0.884]  0.668   560   147

Tone-only        overall  0.9050     [0.887-0.923]  0.867     [0.828-0.903]  0.785  1527   300
Tone-only        light    0.9244     [0.900-0.945]  0.867     [0.810-0.916]  0.819   853   150
Tone-only        dark     0.8539     [0.813-0.889]  0.871     [0.812-0.921]  0.673   560   147

Full             overall  0.9015     [0.883-0.920]  0.807     [0.763-0.849]  0.817  1527   300
Full             light    0.9106     [0.884-0.935]  0.813     [0.752-0.870]  0.848   853   150
Full             dark     0.8572     [0.815-0.893]  0.803     [0.733-0.865]  0.717   560   147

Bal. Baseline    overall  0.9021     [0.883-0.920]  0.780     [0.735-0.824]  0.863  1527   300
Bal. Baseline    light    0.9260     [0.903-0.946]  0.767     [0.695-0.829]  0.881   853   150
Bal. Baseline    dark     0.8449     [0.802-0.881]  0.789     [0.718-0.852]  0.799   560   147

===================================================================================================================

===================================================================================================================
TABLE 3b — HIGH-CONFIDENCE ITA SUBSET
          Light HC: ITA>55, Dark HC: ITA<0  |  point estimates only
===================================================================================================================
Variant          HC Tone           AUC   Sens   Spec     n    n+
-------------------------------------------------------------------------------------------------------------------
Baseline         light (ITA>55) 0.9133  0.827  0.798   707   139
Baseline         dark  (ITA<0)  0.8432  0.837  0.667   558   147
Baseline         d dark-light   -0.0701 +0.009 -0.131

Aug-only         light (ITA>55) 0.9064  0.842  0.801   707   139
Aug-only         dark  (ITA<0)  0.8235  0.823  0.667   558   147
Aug-only         d dark-light   -0.0829 -0.019 -0.134

Tone-only        light (ITA>55) 0.9121  0.863  0.790   707   139
Tone-only        dark  (ITA<0)  0.8533  0.871  0.672   558   147
Tone-only        d dark-light   -0.0588 +0.007 -0.119

Full             light (ITA>55) 0.8985  0.813  0.826   707   139
Full             dark  (ITA<0)  0.8565  0.803  0.715   558   147
Full             d dark-light   -0.0419 -0.010 -0.110

Bal. Baseline    light (ITA>55) 0.9130  0.748  0.861   707   139
Bal. Baseline    dark  (ITA<0)  0.8443  0.789  0.798   558   147
Bal. Baseline    d dark-light   -0.0687 +0.041 -0.063

===================================================================================================================

===================================================================================================================
TABLE 3c — PRE-SPECIFIED PERMUTATION TESTS  (5000 iter, seed=42)
          Comparison: Full model vs Baseline on DARK subset (ITA<=10)
===================================================================================================================
#  Test                            Obs. Gap   p-value  Cohen's h
-------------------------------------------------------------------------------------------------------------------
1. Dark spec  (Full vs Base, t=0.5)    +0.0484    0.0278     0.1050
2. Dark sens  (Full vs Base, t=0.5)    -0.0340    0.2374    -0.0886
3. Dark AUC   (Full vs Base)           +0.0133    0.2704     0.0372
===================================================================================================================

=================================================================
TABLE 3d — REFERRAL TRIAGE PREVALENCE (corrected labels)
=================================================================
  overall   n=1527  positives=300  prevalence=19.6%  p_benign=0.8035
  light     n= 853  positives=150  prevalence=17.6%  p_benign=0.8242
  dark      n= 560  positives=147  prevalence=26.2%  p_benign=0.7375
  medium    n= 114  positives=  3  prevalence=2.6%  p_benign=0.9737

  Overall: 300 positives / 1527 total  -> refer rate=19.6%  p_benign=0.8035
=================================================================

===============================================================================================
TABLE 3e — REFERRAL BURDEN  (full model, HC-ITA subset, corrected labels)
          Light HC: ITA>55, Dark HC: ITA<0
          unnecessary_per_1000 = (1 - spec) x p_benign x 1000   [p_benign = 0.8035]
===============================================================================================
Tone         t    Spec     FPR    Unnecessary/1000    n_benign
-----------------------------------------------------------------------------------------------
light     0.50   0.826   0.174               140.1         568
light     0.35   0.764   0.236               189.6         568
dark      0.50   0.715   0.285               228.7         411
dark      0.35   0.613   0.387               310.9         411

  Excess unnecessary referrals dark vs light @ t=0.50: +88.7 / 1 000 patients
  Excess unnecessary referrals dark vs light @ t=0.35: +121.3 / 1 000 patients
  Dark specificity  t=0.50 -> t=0.35: 0.715 -> 0.613  (d = -0.102)
  Light specificity t=0.50 -> t=0.35: 0.826 -> 0.764  (d = -0.062)
===============================================================================================

======================================================================
TABLE 3f — DDI EXTERNAL VALIDATION STATUS
======================================================================
  DDI labels: read from ddi_metadata.csv 'malignant' column,
  which is DDI's own biopsy-confirmed independent ground truth.
  Neither run_ddi_inference.py nor evaluate_ddi.py uses any
  HAM dx-to-label mapping.  DDI numbers are UNCHANGED.
======================================================================

Report saved -> results\metrics_report.txt
